<?xml version="1.0" encoding="UTF-8"?>
<testng-results ignored="0" total="1" passed="1" failed="0" skipped="0">
  <reporter-output>
  </reporter-output>
  <suite started-at="2024-06-06T16:37:36 IST" name="Default suite" finished-at="2024-06-06T16:37:38 IST" duration-ms="2263">
    <groups>
    </groups>
    <test started-at="2024-06-06T16:37:36 IST" name="Default test" finished-at="2024-06-06T16:37:38 IST" duration-ms="2263">
      <class name="RestAssuredAPITesting.com.RestAssuredApiTesting.AccessToken">
        <test-method signature="get_AccessToken()[pri:0, instance:RestAssuredAPITesting.com.RestAssuredApiTesting.AccessToken@229c6181]" started-at="2024-06-06T16:37:36 IST" name="get_AccessToken" finished-at="2024-06-06T16:37:38 IST" duration-ms="2205" status="PASS">
          <reporter-output>
          </reporter-output>
        </test-method> <!-- get_AccessToken -->
      </class> <!-- RestAssuredAPITesting.com.RestAssuredApiTesting.AccessToken -->
    </test> <!-- Default test -->
  </suite> <!-- Default suite -->
</testng-results>
